[16-Apr-2025 17:55:01 UTC] PHP Warning:  Undefined array key "host" in /workspaces/Practice_Exam/.wordpress/wp-includes/pluggable.php on line 1640
[16-Apr-2025 17:56:33 UTC] PHP Warning:  Undefined variable $parent_theme_name in /workspaces/Practice_Exam/.wordpress/wp-content/mu-plugins/one-click-child-theme/templates/create_child_form.php on line 18
[16-Apr-2025 18:46:10 UTC] WordPress database error <div style="clear:both">&nbsp;</div>
<div class="queries" style="clear:both;margin-bottom:2px;border:red dotted thin;">
<p>MySQL query:</p>
<p>
CREATE TABLE wp_user_registration_sessions (
  session_id BIGINT UNSIGNED NOT NULL AUTO_INCREMENT,
  session_key char(32) NOT NULL,
  session_value longtext NOT NULL,
  session_expiry BIGINT UNSIGNED NOT NULL,
  PRIMARY KEY  (session_key),
  UNIQUE KEY session_id (session_id)
) </p>
<p>Queries made or created this session were:</p>
<ol>
<li>Executing: BEGIN | (no parameters)</li>
<li>Executing: ROLLBACK | (no parameters)</li>
</ol>
</div>
<div style="clear:both;margin-bottom:2px;border:red dotted thin;" class="error_message" style="border-bottom:dotted blue thin;">
Error occurred at line 4117 in Function <code>handle_error</code>. Error message was: Cannot combine AUTOINCREMENT and multiple primary keys in SQLite.
</div>
<p>Backtrace:</p>
<pre>#0 /workspaces/Practice_Exam/.wordpress/wp-content/mu-plugins/sqlite-database-integration/wp-includes/sqlite/class-wp-sqlite-db.php(287): WP_SQLite_Translator->get_error_message()
#1 /workspaces/Practice_Exam/.wordpress/wp-admin/includes/upgrade.php(3280): WP_SQLite_DB->query('\nCREATE TABLE w...')
#2 /workspaces/Practice_Exam/.wordpress/wp-content/plugins/user-registration/includes/class-ur-install.php(563): dbDelta(Array)
#3 /workspaces/Practice_Exam/.wordpress/wp-content/plugins/user-registration/includes/class-ur-install.php(140): UR_Install::create_tables()
#4 /workspaces/Practice_Exam/.wordpress/wp-includes/class-wp-hook.php(324): UR_Install::install(false)
#5 /workspaces/Practice_Exam/.wordpress/wp-includes/class-wp-hook.php(348): WP_Hook->apply_filters(NULL, Array)
#6 /workspaces/Practice_Exam/.wordpress/wp-includes/plugin.php(517): WP_Hook->do_action(Array)
#7 /workspaces/Practice_Exam/.wordpress/wp-admin/includes/plugin.php(703): do_action('activate_user-r...', false)
#8 /workspaces/Practice_Exam/.wordpress/wp-admin/plugins.php(60): activate_plugin('user-registrati...', 'http://localhos...', false)
#9 {main}</pre>
 for query 
CREATE TABLE wp_user_registration_sessions (
  session_id BIGINT UNSIGNED NOT NULL AUTO_INCREMENT,
  session_key char(32) NOT NULL,
  session_value longtext NOT NULL,
  session_expiry BIGINT UNSIGNED NOT NULL,
  PRIMARY KEY  (session_key),
  UNIQUE KEY session_id (session_id)
)  made by activate_plugin, do_action('activate_user-registration/user-registration.php'), WP_Hook->do_action, WP_Hook->apply_filters, UR_Install::install, UR_Install::create_tables, dbDelta, WP_SQLite_DB->query, WP_SQLite_DB->print_error
[16-Apr-2025 18:46:10 UTC] WordPress database error <div style="clear:both">&nbsp;</div>
<div class="queries" style="clear:both;margin-bottom:2px;border:red dotted thin;">
<p>MySQL query:</p>
<p>SELECT session_value FROM `wp_user_registration_sessions` WHERE session_key = '1'</p>
<p>Queries made or created this session were:</p>
<ol>
<li>Executing: BEGIN | (no parameters)</li>
<li>Executing: SELECT session_value FROM `wp_user_registration_sessions` WHERE session_key = :param0  | parameters: 1</li>
<li>Executing: ROLLBACK | (no parameters)</li>
</ol>
</div>
<div style="clear:both;margin-bottom:2px;border:red dotted thin;" class="error_message" style="border-bottom:dotted blue thin;">
Error occurred at line 4117 in Function <code>handle_error</code>. Error message was: SQLSTATE[HY000]: General error: 1 no such table: wp_user_registration_sessions.
</div>
<p>Backtrace:</p>
<pre>#0 /workspaces/Practice_Exam/.wordpress/wp-content/mu-plugins/sqlite-database-integration/wp-includes/sqlite/class-wp-sqlite-db.php(287): WP_SQLite_Translator->get_error_message()
#1 /workspaces/Practice_Exam/.wordpress/wp-includes/class-wpdb.php(3031): WP_SQLite_DB->query('SELECT session_...')
#2 /workspaces/Practice_Exam/.wordpress/wp-content/plugins/user-registration/includes/class-ur-session-handler.php(335): wpdb->get_var('SELECT session_...')
#3 /workspaces/Practice_Exam/.wordpress/wp-content/plugins/user-registration/includes/class-ur-session-handler.php(210): UR_Session_Handler->get_session(1, Array)
#4 /workspaces/Practice_Exam/.wordpress/wp-content/plugins/user-registration/includes/class-ur-session-handler.php(94): UR_Session_Handler->get_session_data()
#5 /workspaces/Practice_Exam/.wordpress/wp-content/plugins/user-registration/user-registration.php(369): UR_Session_Handler->__construct()
#6 /workspaces/Practice_Exam/.wordpress/wp-includes/class-wp-hook.php(324): UserRegistration->init('')
#7 /workspaces/Practice_Exam/.wordpress/wp-includes/class-wp-hook.php(348): WP_Hook->apply_filters(NULL, Array)
#8 /workspaces/Practice_Exam/.wordpress/wp-includes/plugin.php(517): WP_Hook->do_action(Array)
#9 /workspaces/Practice_Exam/.wordpress/wp-settings.php(727): do_action('init')
#10 /workspaces/Practice_Exam/.wordpress/wp-config.php(107): require_once('/workspaces/Pra...')
#11 /workspaces/Practice_Exam/.wordpress/wp-load.php(50): require_once('/workspaces/Pra...')
#12 /workspaces/Practice_Exam/.wordpress/wp-admin/admin.php(35): require_once('/workspaces/Pra...')
#13 /workspaces/Practice_Exam/.wordpress/wp-admin/plugins.php(10): require_once('/workspaces/Pra...')
#14 {main}</pre>
 for query SELECT session_value FROM `wp_user_registration_sessions` WHERE session_key = '1' made by require_once('wp-admin/admin.php'), require_once('wp-load.php'), require_once('wp-config.php'), require_once('wp-settings.php'), do_action('init'), WP_Hook->do_action, WP_Hook->apply_filters, UserRegistration->init, UR_Session_Handler->__construct, UR_Session_Handler->get_session_data, UR_Session_Handler->get_session, WP_SQLite_DB->query, WP_SQLite_DB->print_error
[16-Apr-2025 18:46:11 UTC] WordPress database error <div style="clear:both">&nbsp;</div>
<div class="queries" style="clear:both;margin-bottom:2px;border:red dotted thin;">
<p>MySQL query:</p>
<p>SELECT session_value FROM `wp_user_registration_sessions` WHERE session_key = '1'</p>
<p>Queries made or created this session were:</p>
<ol>
<li>Executing: BEGIN | (no parameters)</li>
<li>Executing: SELECT session_value FROM `wp_user_registration_sessions` WHERE session_key = :param0  | parameters: 1</li>
<li>Executing: ROLLBACK | (no parameters)</li>
</ol>
</div>
<div style="clear:both;margin-bottom:2px;border:red dotted thin;" class="error_message" style="border-bottom:dotted blue thin;">
Error occurred at line 4117 in Function <code>handle_error</code>. Error message was: SQLSTATE[HY000]: General error: 1 no such table: wp_user_registration_sessions.
</div>
<p>Backtrace:</p>
<pre>#0 /workspaces/Practice_Exam/.wordpress/wp-content/mu-plugins/sqlite-database-integration/wp-includes/sqlite/class-wp-sqlite-db.php(287): WP_SQLite_Translator->get_error_message()
#1 /workspaces/Practice_Exam/.wordpress/wp-includes/class-wpdb.php(3031): WP_SQLite_DB->query('SELECT session_...')
#2 /workspaces/Practice_Exam/.wordpress/wp-content/plugins/user-registration/includes/class-ur-session-handler.php(335): wpdb->get_var('SELECT session_...')
#3 /workspaces/Practice_Exam/.wordpress/wp-content/plugins/user-registration/includes/class-ur-session-handler.php(210): UR_Session_Handler->get_session(1, Array)
#4 /workspaces/Practice_Exam/.wordpress/wp-content/plugins/user-registration/includes/class-ur-session-handler.php(94): UR_Session_Handler->get_session_data()
#5 /workspaces/Practice_Exam/.wordpress/wp-content/plugins/user-registration/user-registration.php(369): UR_Session_Handler->__construct()
#6 /workspaces/Practice_Exam/.wordpress/wp-includes/class-wp-hook.php(324): UserRegistration->init('')
#7 /workspaces/Practice_Exam/.wordpress/wp-includes/class-wp-hook.php(348): WP_Hook->apply_filters(NULL, Array)
#8 /workspaces/Practice_Exam/.wordpress/wp-includes/plugin.php(517): WP_Hook->do_action(Array)
#9 /workspaces/Practice_Exam/.wordpress/wp-settings.php(727): do_action('init')
#10 /workspaces/Practice_Exam/.wordpress/wp-config.php(107): require_once('/workspaces/Pra...')
#11 /workspaces/Practice_Exam/.wordpress/wp-load.php(50): require_once('/workspaces/Pra...')
#12 /workspaces/Practice_Exam/.wordpress/wp-admin/admin.php(35): require_once('/workspaces/Pra...')
#13 /workspaces/Practice_Exam/.wordpress/wp-admin/index.php(10): require_once('/workspaces/Pra...')
#14 {main}</pre>
 for query SELECT session_value FROM `wp_user_registration_sessions` WHERE session_key = '1' made by require_once('wp-admin/admin.php'), require_once('wp-load.php'), require_once('wp-config.php'), require_once('wp-settings.php'), do_action('init'), WP_Hook->do_action, WP_Hook->apply_filters, UserRegistration->init, UR_Session_Handler->__construct, UR_Session_Handler->get_session_data, UR_Session_Handler->get_session, WP_SQLite_DB->query, WP_SQLite_DB->print_error
[16-Apr-2025 18:46:17 UTC] WordPress database error <div style="clear:both">&nbsp;</div>
<div class="queries" style="clear:both;margin-bottom:2px;border:red dotted thin;">
<p>MySQL query:</p>
<p>SELECT session_value FROM `wp_user_registration_sessions` WHERE session_key = '1'</p>
<p>Queries made or created this session were:</p>
<ol>
<li>Executing: BEGIN | (no parameters)</li>
<li>Executing: SELECT session_value FROM `wp_user_registration_sessions` WHERE session_key = :param0  | parameters: 1</li>
<li>Executing: ROLLBACK | (no parameters)</li>
</ol>
</div>
<div style="clear:both;margin-bottom:2px;border:red dotted thin;" class="error_message" style="border-bottom:dotted blue thin;">
Error occurred at line 4117 in Function <code>handle_error</code>. Error message was: SQLSTATE[HY000]: General error: 1 no such table: wp_user_registration_sessions.
</div>
<p>Backtrace:</p>
<pre>#0 /workspaces/Practice_Exam/.wordpress/wp-content/mu-plugins/sqlite-database-integration/wp-includes/sqlite/class-wp-sqlite-db.php(287): WP_SQLite_Translator->get_error_message()
#1 /workspaces/Practice_Exam/.wordpress/wp-includes/class-wpdb.php(3031): WP_SQLite_DB->query('SELECT session_...')
#2 /workspaces/Practice_Exam/.wordpress/wp-content/plugins/user-registration/includes/class-ur-session-handler.php(335): wpdb->get_var('SELECT session_...')
#3 /workspaces/Practice_Exam/.wordpress/wp-content/plugins/user-registration/includes/class-ur-session-handler.php(210): UR_Session_Handler->get_session(1, Array)
#4 /workspaces/Practice_Exam/.wordpress/wp-content/plugins/user-registration/includes/class-ur-session-handler.php(94): UR_Session_Handler->get_session_data()
#5 /workspaces/Practice_Exam/.wordpress/wp-content/plugins/user-registration/user-registration.php(369): UR_Session_Handler->__construct()
#6 /workspaces/Practice_Exam/.wordpress/wp-includes/class-wp-hook.php(324): UserRegistration->init('')
#7 /workspaces/Practice_Exam/.wordpress/wp-includes/class-wp-hook.php(348): WP_Hook->apply_filters(NULL, Array)
#8 /workspaces/Practice_Exam/.wordpress/wp-includes/plugin.php(517): WP_Hook->do_action(Array)
#9 /workspaces/Practice_Exam/.wordpress/wp-settings.php(727): do_action('init')
#10 /workspaces/Practice_Exam/.wordpress/wp-config.php(107): require_once('/workspaces/Pra...')
#11 /workspaces/Practice_Exam/.wordpress/wp-load.php(50): require_once('/workspaces/Pra...')
#12 /workspaces/Practice_Exam/.wordpress/wp-admin/admin.php(35): require_once('/workspaces/Pra...')
#13 {main}</pre>
 for query SELECT session_value FROM `wp_user_registration_sessions` WHERE session_key = '1' made by require_once('wp-load.php'), require_once('wp-config.php'), require_once('wp-settings.php'), do_action('init'), WP_Hook->do_action, WP_Hook->apply_filters, UserRegistration->init, UR_Session_Handler->__construct, UR_Session_Handler->get_session_data, UR_Session_Handler->get_session, WP_SQLite_DB->query, WP_SQLite_DB->print_error
[16-Apr-2025 18:46:18 UTC] WordPress database error <div style="clear:both">&nbsp;</div>
<div class="queries" style="clear:both;margin-bottom:2px;border:red dotted thin;">
<p>MySQL query:</p>
<p>SELECT session_value FROM `wp_user_registration_sessions` WHERE session_key = '1'</p>
<p>Queries made or created this session were:</p>
<ol>
<li>Executing: BEGIN | (no parameters)</li>
<li>Executing: SELECT session_value FROM `wp_user_registration_sessions` WHERE session_key = :param0  | parameters: 1</li>
<li>Executing: ROLLBACK | (no parameters)</li>
</ol>
</div>
<div style="clear:both;margin-bottom:2px;border:red dotted thin;" class="error_message" style="border-bottom:dotted blue thin;">
Error occurred at line 4117 in Function <code>handle_error</code>. Error message was: SQLSTATE[HY000]: General error: 1 no such table: wp_user_registration_sessions.
</div>
<p>Backtrace:</p>
<pre>#0 /workspaces/Practice_Exam/.wordpress/wp-content/mu-plugins/sqlite-database-integration/wp-includes/sqlite/class-wp-sqlite-db.php(287): WP_SQLite_Translator->get_error_message()
#1 /workspaces/Practice_Exam/.wordpress/wp-includes/class-wpdb.php(3031): WP_SQLite_DB->query('SELECT session_...')
#2 /workspaces/Practice_Exam/.wordpress/wp-content/plugins/user-registration/includes/class-ur-session-handler.php(335): wpdb->get_var('SELECT session_...')
#3 /workspaces/Practice_Exam/.wordpress/wp-content/plugins/user-registration/includes/class-ur-session-handler.php(210): UR_Session_Handler->get_session(1, Array)
#4 /workspaces/Practice_Exam/.wordpress/wp-content/plugins/user-registration/includes/class-ur-session-handler.php(94): UR_Session_Handler->get_session_data()
#5 /workspaces/Practice_Exam/.wordpress/wp-content/plugins/user-registration/user-registration.php(369): UR_Session_Handler->__construct()
#6 /workspaces/Practice_Exam/.wordpress/wp-includes/class-wp-hook.php(324): UserRegistration->init('')
#7 /workspaces/Practice_Exam/.wordpress/wp-includes/class-wp-hook.php(348): WP_Hook->apply_filters(NULL, Array)
#8 /workspaces/Practice_Exam/.wordpress/wp-includes/plugin.php(517): WP_Hook->do_action(Array)
#9 /workspaces/Practice_Exam/.wordpress/wp-settings.php(727): do_action('init')
#10 /workspaces/Practice_Exam/.wordpress/wp-config.php(107): require_once('/workspaces/Pra...')
#11 /workspaces/Practice_Exam/.wordpress/wp-load.php(50): require_once('/workspaces/Pra...')
#12 /workspaces/Practice_Exam/.wordpress/wp-blog-header.php(13): require_once('/workspaces/Pra...')
#13 /workspaces/Practice_Exam/.wordpress/index.php(17): require('/workspaces/Pra...')
#14 {main}</pre>
 for query SELECT session_value FROM `wp_user_registration_sessions` WHERE session_key = '1' made by require('wp-blog-header.php'), require_once('wp-load.php'), require_once('wp-config.php'), require_once('wp-settings.php'), do_action('init'), WP_Hook->do_action, WP_Hook->apply_filters, UserRegistration->init, UR_Session_Handler->__construct, UR_Session_Handler->get_session_data, UR_Session_Handler->get_session, WP_SQLite_DB->query, WP_SQLite_DB->print_error
[16-Apr-2025 18:46:32 UTC] WordPress database error <div style="clear:both">&nbsp;</div>
<div class="queries" style="clear:both;margin-bottom:2px;border:red dotted thin;">
<p>MySQL query:</p>
<p>SELECT session_value FROM `wp_user_registration_sessions` WHERE session_key = '1'</p>
<p>Queries made or created this session were:</p>
<ol>
<li>Executing: BEGIN | (no parameters)</li>
<li>Executing: SELECT session_value FROM `wp_user_registration_sessions` WHERE session_key = :param0  | parameters: 1</li>
<li>Executing: ROLLBACK | (no parameters)</li>
</ol>
</div>
<div style="clear:both;margin-bottom:2px;border:red dotted thin;" class="error_message" style="border-bottom:dotted blue thin;">
Error occurred at line 4117 in Function <code>handle_error</code>. Error message was: SQLSTATE[HY000]: General error: 1 no such table: wp_user_registration_sessions.
</div>
<p>Backtrace:</p>
<pre>#0 /workspaces/Practice_Exam/.wordpress/wp-content/mu-plugins/sqlite-database-integration/wp-includes/sqlite/class-wp-sqlite-db.php(287): WP_SQLite_Translator->get_error_message()
#1 /workspaces/Practice_Exam/.wordpress/wp-includes/class-wpdb.php(3031): WP_SQLite_DB->query('SELECT session_...')
#2 /workspaces/Practice_Exam/.wordpress/wp-content/plugins/user-registration/includes/class-ur-session-handler.php(335): wpdb->get_var('SELECT session_...')
#3 /workspaces/Practice_Exam/.wordpress/wp-content/plugins/user-registration/includes/class-ur-session-handler.php(210): UR_Session_Handler->get_session(1, Array)
#4 /workspaces/Practice_Exam/.wordpress/wp-content/plugins/user-registration/includes/class-ur-session-handler.php(94): UR_Session_Handler->get_session_data()
#5 /workspaces/Practice_Exam/.wordpress/wp-content/plugins/user-registration/user-registration.php(369): UR_Session_Handler->__construct()
#6 /workspaces/Practice_Exam/.wordpress/wp-includes/class-wp-hook.php(324): UserRegistration->init('')
#7 /workspaces/Practice_Exam/.wordpress/wp-includes/class-wp-hook.php(348): WP_Hook->apply_filters(NULL, Array)
#8 /workspaces/Practice_Exam/.wordpress/wp-includes/plugin.php(517): WP_Hook->do_action(Array)
#9 /workspaces/Practice_Exam/.wordpress/wp-settings.php(727): do_action('init')
#10 /workspaces/Practice_Exam/.wordpress/wp-config.php(107): require_once('/workspaces/Pra...')
#11 /workspaces/Practice_Exam/.wordpress/wp-load.php(50): require_once('/workspaces/Pra...')
#12 /workspaces/Practice_Exam/.wordpress/wp-blog-header.php(13): require_once('/workspaces/Pra...')
#13 /workspaces/Practice_Exam/.wordpress/index.php(17): require('/workspaces/Pra...')
#14 {main}</pre>
 for query SELECT session_value FROM `wp_user_registration_sessions` WHERE session_key = '1' made by require('wp-blog-header.php'), require_once('wp-load.php'), require_once('wp-config.php'), require_once('wp-settings.php'), do_action('init'), WP_Hook->do_action, WP_Hook->apply_filters, UserRegistration->init, UR_Session_Handler->__construct, UR_Session_Handler->get_session_data, UR_Session_Handler->get_session, WP_SQLite_DB->query, WP_SQLite_DB->print_error
[16-Apr-2025 18:46:32 UTC] WordPress database error <div style="clear:both">&nbsp;</div>
<div class="queries" style="clear:both;margin-bottom:2px;border:red dotted thin;">
<p>MySQL query:</p>
<p>SELECT session_value FROM `wp_user_registration_sessions` WHERE session_key = '1'</p>
<p>Queries made or created this session were:</p>
<ol>
<li>Executing: BEGIN | (no parameters)</li>
<li>Executing: SELECT session_value FROM `wp_user_registration_sessions` WHERE session_key = :param0  | parameters: 1</li>
<li>Executing: ROLLBACK | (no parameters)</li>
</ol>
</div>
<div style="clear:both;margin-bottom:2px;border:red dotted thin;" class="error_message" style="border-bottom:dotted blue thin;">
Error occurred at line 4117 in Function <code>handle_error</code>. Error message was: SQLSTATE[HY000]: General error: 1 no such table: wp_user_registration_sessions.
</div>
<p>Backtrace:</p>
<pre>#0 /workspaces/Practice_Exam/.wordpress/wp-content/mu-plugins/sqlite-database-integration/wp-includes/sqlite/class-wp-sqlite-db.php(287): WP_SQLite_Translator->get_error_message()
#1 /workspaces/Practice_Exam/.wordpress/wp-includes/class-wpdb.php(3031): WP_SQLite_DB->query('SELECT session_...')
#2 /workspaces/Practice_Exam/.wordpress/wp-content/plugins/user-registration/includes/class-ur-session-handler.php(335): wpdb->get_var('SELECT session_...')
#3 /workspaces/Practice_Exam/.wordpress/wp-content/plugins/user-registration/includes/class-ur-session-handler.php(210): UR_Session_Handler->get_session(1, Array)
#4 /workspaces/Practice_Exam/.wordpress/wp-content/plugins/user-registration/includes/class-ur-session-handler.php(94): UR_Session_Handler->get_session_data()
#5 /workspaces/Practice_Exam/.wordpress/wp-content/plugins/user-registration/user-registration.php(369): UR_Session_Handler->__construct()
#6 /workspaces/Practice_Exam/.wordpress/wp-includes/class-wp-hook.php(324): UserRegistration->init('')
#7 /workspaces/Practice_Exam/.wordpress/wp-includes/class-wp-hook.php(348): WP_Hook->apply_filters(NULL, Array)
#8 /workspaces/Practice_Exam/.wordpress/wp-includes/plugin.php(517): WP_Hook->do_action(Array)
#9 /workspaces/Practice_Exam/.wordpress/wp-settings.php(727): do_action('init')
#10 /workspaces/Practice_Exam/.wordpress/wp-config.php(107): require_once('/workspaces/Pra...')
#11 /workspaces/Practice_Exam/.wordpress/wp-load.php(50): require_once('/workspaces/Pra...')
#12 /workspaces/Practice_Exam/.wordpress/wp-blog-header.php(13): require_once('/workspaces/Pra...')
#13 /workspaces/Practice_Exam/.wordpress/index.php(17): require('/workspaces/Pra...')
#14 {main}</pre>
 for query SELECT session_value FROM `wp_user_registration_sessions` WHERE session_key = '1' made by require('wp-blog-header.php'), require_once('wp-load.php'), require_once('wp-config.php'), require_once('wp-settings.php'), do_action('init'), WP_Hook->do_action, WP_Hook->apply_filters, UserRegistration->init, UR_Session_Handler->__construct, UR_Session_Handler->get_session_data, UR_Session_Handler->get_session, WP_SQLite_DB->query, WP_SQLite_DB->print_error
[16-Apr-2025 18:46:49 UTC] WordPress database error <div style="clear:both">&nbsp;</div>
<div class="queries" style="clear:both;margin-bottom:2px;border:red dotted thin;">
<p>MySQL query:</p>
<p>SELECT session_value FROM `wp_user_registration_sessions` WHERE session_key = '1'</p>
<p>Queries made or created this session were:</p>
<ol>
<li>Executing: BEGIN | (no parameters)</li>
<li>Executing: SELECT session_value FROM `wp_user_registration_sessions` WHERE session_key = :param0  | parameters: 1</li>
<li>Executing: ROLLBACK | (no parameters)</li>
</ol>
</div>
<div style="clear:both;margin-bottom:2px;border:red dotted thin;" class="error_message" style="border-bottom:dotted blue thin;">
Error occurred at line 4117 in Function <code>handle_error</code>. Error message was: SQLSTATE[HY000]: General error: 1 no such table: wp_user_registration_sessions.
</div>
<p>Backtrace:</p>
<pre>#0 /workspaces/Practice_Exam/.wordpress/wp-content/mu-plugins/sqlite-database-integration/wp-includes/sqlite/class-wp-sqlite-db.php(287): WP_SQLite_Translator->get_error_message()
#1 /workspaces/Practice_Exam/.wordpress/wp-includes/class-wpdb.php(3031): WP_SQLite_DB->query('SELECT session_...')
#2 /workspaces/Practice_Exam/.wordpress/wp-content/plugins/user-registration/includes/class-ur-session-handler.php(335): wpdb->get_var('SELECT session_...')
#3 /workspaces/Practice_Exam/.wordpress/wp-content/plugins/user-registration/includes/class-ur-session-handler.php(210): UR_Session_Handler->get_session(1, Array)
#4 /workspaces/Practice_Exam/.wordpress/wp-content/plugins/user-registration/includes/class-ur-session-handler.php(94): UR_Session_Handler->get_session_data()
#5 /workspaces/Practice_Exam/.wordpress/wp-content/plugins/user-registration/user-registration.php(369): UR_Session_Handler->__construct()
#6 /workspaces/Practice_Exam/.wordpress/wp-includes/class-wp-hook.php(324): UserRegistration->init('')
#7 /workspaces/Practice_Exam/.wordpress/wp-includes/class-wp-hook.php(348): WP_Hook->apply_filters(NULL, Array)
#8 /workspaces/Practice_Exam/.wordpress/wp-includes/plugin.php(517): WP_Hook->do_action(Array)
#9 /workspaces/Practice_Exam/.wordpress/wp-settings.php(727): do_action('init')
#10 /workspaces/Practice_Exam/.wordpress/wp-config.php(107): require_once('/workspaces/Pra...')
#11 /workspaces/Practice_Exam/.wordpress/wp-load.php(50): require_once('/workspaces/Pra...')
#12 /workspaces/Practice_Exam/.wordpress/wp-blog-header.php(13): require_once('/workspaces/Pra...')
#13 /workspaces/Practice_Exam/.wordpress/index.php(17): require('/workspaces/Pra...')
#14 {main}</pre>
 for query SELECT session_value FROM `wp_user_registration_sessions` WHERE session_key = '1' made by require('wp-blog-header.php'), require_once('wp-load.php'), require_once('wp-config.php'), require_once('wp-settings.php'), do_action('init'), WP_Hook->do_action, WP_Hook->apply_filters, UserRegistration->init, UR_Session_Handler->__construct, UR_Session_Handler->get_session_data, UR_Session_Handler->get_session, WP_SQLite_DB->query, WP_SQLite_DB->print_error
[16-Apr-2025 18:46:55 UTC] WordPress database error <div style="clear:both">&nbsp;</div>
<div class="queries" style="clear:both;margin-bottom:2px;border:red dotted thin;">
<p>MySQL query:</p>
<p>SELECT session_value FROM `wp_user_registration_sessions` WHERE session_key = '1'</p>
<p>Queries made or created this session were:</p>
<ol>
<li>Executing: BEGIN | (no parameters)</li>
<li>Executing: SELECT session_value FROM `wp_user_registration_sessions` WHERE session_key = :param0  | parameters: 1</li>
<li>Executing: ROLLBACK | (no parameters)</li>
</ol>
</div>
<div style="clear:both;margin-bottom:2px;border:red dotted thin;" class="error_message" style="border-bottom:dotted blue thin;">
Error occurred at line 4117 in Function <code>handle_error</code>. Error message was: SQLSTATE[HY000]: General error: 1 no such table: wp_user_registration_sessions.
</div>
<p>Backtrace:</p>
<pre>#0 /workspaces/Practice_Exam/.wordpress/wp-content/mu-plugins/sqlite-database-integration/wp-includes/sqlite/class-wp-sqlite-db.php(287): WP_SQLite_Translator->get_error_message()
#1 /workspaces/Practice_Exam/.wordpress/wp-includes/class-wpdb.php(3031): WP_SQLite_DB->query('SELECT session_...')
#2 /workspaces/Practice_Exam/.wordpress/wp-content/plugins/user-registration/includes/class-ur-session-handler.php(335): wpdb->get_var('SELECT session_...')
#3 /workspaces/Practice_Exam/.wordpress/wp-content/plugins/user-registration/includes/class-ur-session-handler.php(210): UR_Session_Handler->get_session(1, Array)
#4 /workspaces/Practice_Exam/.wordpress/wp-content/plugins/user-registration/includes/class-ur-session-handler.php(94): UR_Session_Handler->get_session_data()
#5 /workspaces/Practice_Exam/.wordpress/wp-content/plugins/user-registration/user-registration.php(369): UR_Session_Handler->__construct()
#6 /workspaces/Practice_Exam/.wordpress/wp-includes/class-wp-hook.php(324): UserRegistration->init('')
#7 /workspaces/Practice_Exam/.wordpress/wp-includes/class-wp-hook.php(348): WP_Hook->apply_filters(NULL, Array)
#8 /workspaces/Practice_Exam/.wordpress/wp-includes/plugin.php(517): WP_Hook->do_action(Array)
#9 /workspaces/Practice_Exam/.wordpress/wp-settings.php(727): do_action('init')
#10 /workspaces/Practice_Exam/.wordpress/wp-config.php(107): require_once('/workspaces/Pra...')
#11 /workspaces/Practice_Exam/.wordpress/wp-load.php(50): require_once('/workspaces/Pra...')
#12 /workspaces/Practice_Exam/.wordpress/wp-blog-header.php(13): require_once('/workspaces/Pra...')
#13 /workspaces/Practice_Exam/.wordpress/index.php(17): require('/workspaces/Pra...')
#14 {main}</pre>
 for query SELECT session_value FROM `wp_user_registration_sessions` WHERE session_key = '1' made by require('wp-blog-header.php'), require_once('wp-load.php'), require_once('wp-config.php'), require_once('wp-settings.php'), do_action('init'), WP_Hook->do_action, WP_Hook->apply_filters, UserRegistration->init, UR_Session_Handler->__construct, UR_Session_Handler->get_session_data, UR_Session_Handler->get_session, WP_SQLite_DB->query, WP_SQLite_DB->print_error
[16-Apr-2025 18:47:22 UTC] WordPress database error <div style="clear:both">&nbsp;</div>
<div class="queries" style="clear:both;margin-bottom:2px;border:red dotted thin;">
<p>MySQL query:</p>
<p>SELECT session_value FROM `wp_user_registration_sessions` WHERE session_key = '1'</p>
<p>Queries made or created this session were:</p>
<ol>
<li>Executing: BEGIN | (no parameters)</li>
<li>Executing: SELECT session_value FROM `wp_user_registration_sessions` WHERE session_key = :param0  | parameters: 1</li>
<li>Executing: ROLLBACK | (no parameters)</li>
</ol>
</div>
<div style="clear:both;margin-bottom:2px;border:red dotted thin;" class="error_message" style="border-bottom:dotted blue thin;">
Error occurred at line 4117 in Function <code>handle_error</code>. Error message was: SQLSTATE[HY000]: General error: 1 no such table: wp_user_registration_sessions.
</div>
<p>Backtrace:</p>
<pre>#0 /workspaces/Practice_Exam/.wordpress/wp-content/mu-plugins/sqlite-database-integration/wp-includes/sqlite/class-wp-sqlite-db.php(287): WP_SQLite_Translator->get_error_message()
#1 /workspaces/Practice_Exam/.wordpress/wp-includes/class-wpdb.php(3031): WP_SQLite_DB->query('SELECT session_...')
#2 /workspaces/Practice_Exam/.wordpress/wp-content/plugins/user-registration/includes/class-ur-session-handler.php(335): wpdb->get_var('SELECT session_...')
#3 /workspaces/Practice_Exam/.wordpress/wp-content/plugins/user-registration/includes/class-ur-session-handler.php(210): UR_Session_Handler->get_session(1, Array)
#4 /workspaces/Practice_Exam/.wordpress/wp-content/plugins/user-registration/includes/class-ur-session-handler.php(94): UR_Session_Handler->get_session_data()
#5 /workspaces/Practice_Exam/.wordpress/wp-content/plugins/user-registration/user-registration.php(369): UR_Session_Handler->__construct()
#6 /workspaces/Practice_Exam/.wordpress/wp-includes/class-wp-hook.php(324): UserRegistration->init('')
#7 /workspaces/Practice_Exam/.wordpress/wp-includes/class-wp-hook.php(348): WP_Hook->apply_filters(NULL, Array)
#8 /workspaces/Practice_Exam/.wordpress/wp-includes/plugin.php(517): WP_Hook->do_action(Array)
#9 /workspaces/Practice_Exam/.wordpress/wp-settings.php(727): do_action('init')
#10 /workspaces/Practice_Exam/.wordpress/wp-config.php(107): require_once('/workspaces/Pra...')
#11 /workspaces/Practice_Exam/.wordpress/wp-load.php(50): require_once('/workspaces/Pra...')
#12 /workspaces/Practice_Exam/.wordpress/wp-blog-header.php(13): require_once('/workspaces/Pra...')
#13 /workspaces/Practice_Exam/.wordpress/index.php(17): require('/workspaces/Pra...')
#14 {main}</pre>
 for query SELECT session_value FROM `wp_user_registration_sessions` WHERE session_key = '1' made by require('wp-blog-header.php'), require_once('wp-load.php'), require_once('wp-config.php'), require_once('wp-settings.php'), do_action('init'), WP_Hook->do_action, WP_Hook->apply_filters, UserRegistration->init, UR_Session_Handler->__construct, UR_Session_Handler->get_session_data, UR_Session_Handler->get_session, WP_SQLite_DB->query, WP_SQLite_DB->print_error
[16-Apr-2025 18:48:03 UTC] WordPress database error <div style="clear:both">&nbsp;</div>
<div class="queries" style="clear:both;margin-bottom:2px;border:red dotted thin;">
<p>MySQL query:</p>
<p>SELECT session_value FROM `wp_user_registration_sessions` WHERE session_key = '1'</p>
<p>Queries made or created this session were:</p>
<ol>
<li>Executing: BEGIN | (no parameters)</li>
<li>Executing: SELECT session_value FROM `wp_user_registration_sessions` WHERE session_key = :param0  | parameters: 1</li>
<li>Executing: ROLLBACK | (no parameters)</li>
</ol>
</div>
<div style="clear:both;margin-bottom:2px;border:red dotted thin;" class="error_message" style="border-bottom:dotted blue thin;">
Error occurred at line 4117 in Function <code>handle_error</code>. Error message was: SQLSTATE[HY000]: General error: 1 no such table: wp_user_registration_sessions.
</div>
<p>Backtrace:</p>
<pre>#0 /workspaces/Practice_Exam/.wordpress/wp-content/mu-plugins/sqlite-database-integration/wp-includes/sqlite/class-wp-sqlite-db.php(287): WP_SQLite_Translator->get_error_message()
#1 /workspaces/Practice_Exam/.wordpress/wp-includes/class-wpdb.php(3031): WP_SQLite_DB->query('SELECT session_...')
#2 /workspaces/Practice_Exam/.wordpress/wp-content/plugins/user-registration/includes/class-ur-session-handler.php(335): wpdb->get_var('SELECT session_...')
#3 /workspaces/Practice_Exam/.wordpress/wp-content/plugins/user-registration/includes/class-ur-session-handler.php(210): UR_Session_Handler->get_session(1, Array)
#4 /workspaces/Practice_Exam/.wordpress/wp-content/plugins/user-registration/includes/class-ur-session-handler.php(94): UR_Session_Handler->get_session_data()
#5 /workspaces/Practice_Exam/.wordpress/wp-content/plugins/user-registration/user-registration.php(369): UR_Session_Handler->__construct()
#6 /workspaces/Practice_Exam/.wordpress/wp-includes/class-wp-hook.php(324): UserRegistration->init('')
#7 /workspaces/Practice_Exam/.wordpress/wp-includes/class-wp-hook.php(348): WP_Hook->apply_filters(NULL, Array)
#8 /workspaces/Practice_Exam/.wordpress/wp-includes/plugin.php(517): WP_Hook->do_action(Array)
#9 /workspaces/Practice_Exam/.wordpress/wp-settings.php(727): do_action('init')
#10 /workspaces/Practice_Exam/.wordpress/wp-config.php(107): require_once('/workspaces/Pra...')
#11 /workspaces/Practice_Exam/.wordpress/wp-load.php(50): require_once('/workspaces/Pra...')
#12 /workspaces/Practice_Exam/.wordpress/wp-blog-header.php(13): require_once('/workspaces/Pra...')
#13 /workspaces/Practice_Exam/.wordpress/index.php(17): require('/workspaces/Pra...')
#14 {main}</pre>
 for query SELECT session_value FROM `wp_user_registration_sessions` WHERE session_key = '1' made by require('wp-blog-header.php'), require_once('wp-load.php'), require_once('wp-config.php'), require_once('wp-settings.php'), do_action('init'), WP_Hook->do_action, WP_Hook->apply_filters, UserRegistration->init, UR_Session_Handler->__construct, UR_Session_Handler->get_session_data, UR_Session_Handler->get_session, WP_SQLite_DB->query, WP_SQLite_DB->print_error
[16-Apr-2025 18:48:04 UTC] WordPress database error <div style="clear:both">&nbsp;</div>
<div class="queries" style="clear:both;margin-bottom:2px;border:red dotted thin;">
<p>MySQL query:</p>
<p>SELECT session_value FROM `wp_user_registration_sessions` WHERE session_key = '1'</p>
<p>Queries made or created this session were:</p>
<ol>
<li>Executing: BEGIN | (no parameters)</li>
<li>Executing: SELECT session_value FROM `wp_user_registration_sessions` WHERE session_key = :param0  | parameters: 1</li>
<li>Executing: ROLLBACK | (no parameters)</li>
</ol>
</div>
<div style="clear:both;margin-bottom:2px;border:red dotted thin;" class="error_message" style="border-bottom:dotted blue thin;">
Error occurred at line 4117 in Function <code>handle_error</code>. Error message was: SQLSTATE[HY000]: General error: 1 no such table: wp_user_registration_sessions.
</div>
<p>Backtrace:</p>
<pre>#0 /workspaces/Practice_Exam/.wordpress/wp-content/mu-plugins/sqlite-database-integration/wp-includes/sqlite/class-wp-sqlite-db.php(287): WP_SQLite_Translator->get_error_message()
#1 /workspaces/Practice_Exam/.wordpress/wp-includes/class-wpdb.php(3031): WP_SQLite_DB->query('SELECT session_...')
#2 /workspaces/Practice_Exam/.wordpress/wp-content/plugins/user-registration/includes/class-ur-session-handler.php(335): wpdb->get_var('SELECT session_...')
#3 /workspaces/Practice_Exam/.wordpress/wp-content/plugins/user-registration/includes/class-ur-session-handler.php(210): UR_Session_Handler->get_session(1, Array)
#4 /workspaces/Practice_Exam/.wordpress/wp-content/plugins/user-registration/includes/class-ur-session-handler.php(94): UR_Session_Handler->get_session_data()
#5 /workspaces/Practice_Exam/.wordpress/wp-content/plugins/user-registration/user-registration.php(369): UR_Session_Handler->__construct()
#6 /workspaces/Practice_Exam/.wordpress/wp-includes/class-wp-hook.php(324): UserRegistration->init('')
#7 /workspaces/Practice_Exam/.wordpress/wp-includes/class-wp-hook.php(348): WP_Hook->apply_filters(NULL, Array)
#8 /workspaces/Practice_Exam/.wordpress/wp-includes/plugin.php(517): WP_Hook->do_action(Array)
#9 /workspaces/Practice_Exam/.wordpress/wp-settings.php(727): do_action('init')
#10 /workspaces/Practice_Exam/.wordpress/wp-config.php(107): require_once('/workspaces/Pra...')
#11 /workspaces/Practice_Exam/.wordpress/wp-load.php(50): require_once('/workspaces/Pra...')
#12 /workspaces/Practice_Exam/.wordpress/wp-admin/admin.php(35): require_once('/workspaces/Pra...')
#13 {main}</pre>
 for query SELECT session_value FROM `wp_user_registration_sessions` WHERE session_key = '1' made by require_once('wp-load.php'), require_once('wp-config.php'), require_once('wp-settings.php'), do_action('init'), WP_Hook->do_action, WP_Hook->apply_filters, UserRegistration->init, UR_Session_Handler->__construct, UR_Session_Handler->get_session_data, UR_Session_Handler->get_session, WP_SQLite_DB->query, WP_SQLite_DB->print_error
[16-Apr-2025 18:48:10 UTC] WordPress database error <div style="clear:both">&nbsp;</div>
<div class="queries" style="clear:both;margin-bottom:2px;border:red dotted thin;">
<p>MySQL query:</p>
<p>SELECT session_value FROM `wp_user_registration_sessions` WHERE session_key = '1'</p>
<p>Queries made or created this session were:</p>
<ol>
<li>Executing: BEGIN | (no parameters)</li>
<li>Executing: SELECT session_value FROM `wp_user_registration_sessions` WHERE session_key = :param0  | parameters: 1</li>
<li>Executing: ROLLBACK | (no parameters)</li>
</ol>
</div>
<div style="clear:both;margin-bottom:2px;border:red dotted thin;" class="error_message" style="border-bottom:dotted blue thin;">
Error occurred at line 4117 in Function <code>handle_error</code>. Error message was: SQLSTATE[HY000]: General error: 1 no such table: wp_user_registration_sessions.
</div>
<p>Backtrace:</p>
<pre>#0 /workspaces/Practice_Exam/.wordpress/wp-content/mu-plugins/sqlite-database-integration/wp-includes/sqlite/class-wp-sqlite-db.php(287): WP_SQLite_Translator->get_error_message()
#1 /workspaces/Practice_Exam/.wordpress/wp-includes/class-wpdb.php(3031): WP_SQLite_DB->query('SELECT session_...')
#2 /workspaces/Practice_Exam/.wordpress/wp-content/plugins/user-registration/includes/class-ur-session-handler.php(335): wpdb->get_var('SELECT session_...')
#3 /workspaces/Practice_Exam/.wordpress/wp-content/plugins/user-registration/includes/class-ur-session-handler.php(210): UR_Session_Handler->get_session(1, Array)
#4 /workspaces/Practice_Exam/.wordpress/wp-content/plugins/user-registration/includes/class-ur-session-handler.php(94): UR_Session_Handler->get_session_data()
#5 /workspaces/Practice_Exam/.wordpress/wp-content/plugins/user-registration/user-registration.php(369): UR_Session_Handler->__construct()
#6 /workspaces/Practice_Exam/.wordpress/wp-includes/class-wp-hook.php(324): UserRegistration->init('')
#7 /workspaces/Practice_Exam/.wordpress/wp-includes/class-wp-hook.php(348): WP_Hook->apply_filters(NULL, Array)
#8 /workspaces/Practice_Exam/.wordpress/wp-includes/plugin.php(517): WP_Hook->do_action(Array)
#9 /workspaces/Practice_Exam/.wordpress/wp-settings.php(727): do_action('init')
#10 /workspaces/Practice_Exam/.wordpress/wp-config.php(107): require_once('/workspaces/Pra...')
#11 /workspaces/Practice_Exam/.wordpress/wp-load.php(50): require_once('/workspaces/Pra...')
#12 /workspaces/Practice_Exam/.wordpress/wp-admin/admin-ajax.php(22): require_once('/workspaces/Pra...')
#13 {main}</pre>
 for query SELECT session_value FROM `wp_user_registration_sessions` WHERE session_key = '1' made by require_once('wp-load.php'), require_once('wp-config.php'), require_once('wp-settings.php'), do_action('init'), WP_Hook->do_action, WP_Hook->apply_filters, UserRegistration->init, UR_Session_Handler->__construct, UR_Session_Handler->get_session_data, UR_Session_Handler->get_session, WP_SQLite_DB->query, WP_SQLite_DB->print_error
[16-Apr-2025 18:48:17 UTC] WordPress database error <div style="clear:both">&nbsp;</div>
<div class="queries" style="clear:both;margin-bottom:2px;border:red dotted thin;">
<p>MySQL query:</p>
<p>SELECT session_value FROM `wp_user_registration_sessions` WHERE session_key = '1'</p>
<p>Queries made or created this session were:</p>
<ol>
<li>Executing: BEGIN | (no parameters)</li>
<li>Executing: SELECT session_value FROM `wp_user_registration_sessions` WHERE session_key = :param0  | parameters: 1</li>
<li>Executing: ROLLBACK | (no parameters)</li>
</ol>
</div>
<div style="clear:both;margin-bottom:2px;border:red dotted thin;" class="error_message" style="border-bottom:dotted blue thin;">
Error occurred at line 4117 in Function <code>handle_error</code>. Error message was: SQLSTATE[HY000]: General error: 1 no such table: wp_user_registration_sessions.
</div>
<p>Backtrace:</p>
<pre>#0 /workspaces/Practice_Exam/.wordpress/wp-content/mu-plugins/sqlite-database-integration/wp-includes/sqlite/class-wp-sqlite-db.php(287): WP_SQLite_Translator->get_error_message()
#1 /workspaces/Practice_Exam/.wordpress/wp-includes/class-wpdb.php(3031): WP_SQLite_DB->query('SELECT session_...')
#2 /workspaces/Practice_Exam/.wordpress/wp-content/plugins/user-registration/includes/class-ur-session-handler.php(335): wpdb->get_var('SELECT session_...')
#3 /workspaces/Practice_Exam/.wordpress/wp-content/plugins/user-registration/includes/class-ur-session-handler.php(210): UR_Session_Handler->get_session(1, Array)
#4 /workspaces/Practice_Exam/.wordpress/wp-content/plugins/user-registration/includes/class-ur-session-handler.php(94): UR_Session_Handler->get_session_data()
#5 /workspaces/Practice_Exam/.wordpress/wp-content/plugins/user-registration/user-registration.php(369): UR_Session_Handler->__construct()
#6 /workspaces/Practice_Exam/.wordpress/wp-includes/class-wp-hook.php(324): UserRegistration->init('')
#7 /workspaces/Practice_Exam/.wordpress/wp-includes/class-wp-hook.php(348): WP_Hook->apply_filters(NULL, Array)
#8 /workspaces/Practice_Exam/.wordpress/wp-includes/plugin.php(517): WP_Hook->do_action(Array)
#9 /workspaces/Practice_Exam/.wordpress/wp-settings.php(727): do_action('init')
#10 /workspaces/Practice_Exam/.wordpress/wp-config.php(107): require_once('/workspaces/Pra...')
#11 /workspaces/Practice_Exam/.wordpress/wp-load.php(50): require_once('/workspaces/Pra...')
#12 /workspaces/Practice_Exam/.wordpress/wp-admin/admin-ajax.php(22): require_once('/workspaces/Pra...')
#13 {main}</pre>
 for query SELECT session_value FROM `wp_user_registration_sessions` WHERE session_key = '1' made by require_once('wp-load.php'), require_once('wp-config.php'), require_once('wp-settings.php'), do_action('init'), WP_Hook->do_action, WP_Hook->apply_filters, UserRegistration->init, UR_Session_Handler->__construct, UR_Session_Handler->get_session_data, UR_Session_Handler->get_session, WP_SQLite_DB->query, WP_SQLite_DB->print_error
[16-Apr-2025 18:48:30 UTC] WordPress database error <div style="clear:both">&nbsp;</div>
<div class="queries" style="clear:both;margin-bottom:2px;border:red dotted thin;">
<p>MySQL query:</p>
<p>SELECT session_value FROM `wp_user_registration_sessions` WHERE session_key = '1'</p>
<p>Queries made or created this session were:</p>
<ol>
<li>Executing: BEGIN | (no parameters)</li>
<li>Executing: SELECT session_value FROM `wp_user_registration_sessions` WHERE session_key = :param0  | parameters: 1</li>
<li>Executing: ROLLBACK | (no parameters)</li>
</ol>
</div>
<div style="clear:both;margin-bottom:2px;border:red dotted thin;" class="error_message" style="border-bottom:dotted blue thin;">
Error occurred at line 4117 in Function <code>handle_error</code>. Error message was: SQLSTATE[HY000]: General error: 1 no such table: wp_user_registration_sessions.
</div>
<p>Backtrace:</p>
<pre>#0 /workspaces/Practice_Exam/.wordpress/wp-content/mu-plugins/sqlite-database-integration/wp-includes/sqlite/class-wp-sqlite-db.php(287): WP_SQLite_Translator->get_error_message()
#1 /workspaces/Practice_Exam/.wordpress/wp-includes/class-wpdb.php(3031): WP_SQLite_DB->query('SELECT session_...')
#2 /workspaces/Practice_Exam/.wordpress/wp-content/plugins/user-registration/includes/class-ur-session-handler.php(335): wpdb->get_var('SELECT session_...')
#3 /workspaces/Practice_Exam/.wordpress/wp-content/plugins/user-registration/includes/class-ur-session-handler.php(210): UR_Session_Handler->get_session(1, Array)
#4 /workspaces/Practice_Exam/.wordpress/wp-content/plugins/user-registration/includes/class-ur-session-handler.php(94): UR_Session_Handler->get_session_data()
#5 /workspaces/Practice_Exam/.wordpress/wp-content/plugins/user-registration/user-registration.php(369): UR_Session_Handler->__construct()
#6 /workspaces/Practice_Exam/.wordpress/wp-includes/class-wp-hook.php(324): UserRegistration->init('')
#7 /workspaces/Practice_Exam/.wordpress/wp-includes/class-wp-hook.php(348): WP_Hook->apply_filters(NULL, Array)
#8 /workspaces/Practice_Exam/.wordpress/wp-includes/plugin.php(517): WP_Hook->do_action(Array)
#9 /workspaces/Practice_Exam/.wordpress/wp-settings.php(727): do_action('init')
#10 /workspaces/Practice_Exam/.wordpress/wp-config.php(107): require_once('/workspaces/Pra...')
#11 /workspaces/Practice_Exam/.wordpress/wp-load.php(50): require_once('/workspaces/Pra...')
#12 /workspaces/Practice_Exam/.wordpress/wp-admin/admin-ajax.php(22): require_once('/workspaces/Pra...')
#13 {main}</pre>
 for query SELECT session_value FROM `wp_user_registration_sessions` WHERE session_key = '1' made by require_once('wp-load.php'), require_once('wp-config.php'), require_once('wp-settings.php'), do_action('init'), WP_Hook->do_action, WP_Hook->apply_filters, UserRegistration->init, UR_Session_Handler->__construct, UR_Session_Handler->get_session_data, UR_Session_Handler->get_session, WP_SQLite_DB->query, WP_SQLite_DB->print_error
[16-Apr-2025 18:48:45 UTC] WordPress database error <div style="clear:both">&nbsp;</div>
<div class="queries" style="clear:both;margin-bottom:2px;border:red dotted thin;">
<p>MySQL query:</p>
<p>SELECT session_value FROM `wp_user_registration_sessions` WHERE session_key = '1'</p>
<p>Queries made or created this session were:</p>
<ol>
<li>Executing: BEGIN | (no parameters)</li>
<li>Executing: SELECT session_value FROM `wp_user_registration_sessions` WHERE session_key = :param0  | parameters: 1</li>
<li>Executing: ROLLBACK | (no parameters)</li>
</ol>
</div>
<div style="clear:both;margin-bottom:2px;border:red dotted thin;" class="error_message" style="border-bottom:dotted blue thin;">
Error occurred at line 4117 in Function <code>handle_error</code>. Error message was: SQLSTATE[HY000]: General error: 1 no such table: wp_user_registration_sessions.
</div>
<p>Backtrace:</p>
<pre>#0 /workspaces/Practice_Exam/.wordpress/wp-content/mu-plugins/sqlite-database-integration/wp-includes/sqlite/class-wp-sqlite-db.php(287): WP_SQLite_Translator->get_error_message()
#1 /workspaces/Practice_Exam/.wordpress/wp-includes/class-wpdb.php(3031): WP_SQLite_DB->query('SELECT session_...')
#2 /workspaces/Practice_Exam/.wordpress/wp-content/plugins/user-registration/includes/class-ur-session-handler.php(335): wpdb->get_var('SELECT session_...')
#3 /workspaces/Practice_Exam/.wordpress/wp-content/plugins/user-registration/includes/class-ur-session-handler.php(210): UR_Session_Handler->get_session(1, Array)
#4 /workspaces/Practice_Exam/.wordpress/wp-content/plugins/user-registration/includes/class-ur-session-handler.php(94): UR_Session_Handler->get_session_data()
#5 /workspaces/Practice_Exam/.wordpress/wp-content/plugins/user-registration/user-registration.php(369): UR_Session_Handler->__construct()
#6 /workspaces/Practice_Exam/.wordpress/wp-includes/class-wp-hook.php(324): UserRegistration->init('')
#7 /workspaces/Practice_Exam/.wordpress/wp-includes/class-wp-hook.php(348): WP_Hook->apply_filters(NULL, Array)
#8 /workspaces/Practice_Exam/.wordpress/wp-includes/plugin.php(517): WP_Hook->do_action(Array)
#9 /workspaces/Practice_Exam/.wordpress/wp-settings.php(727): do_action('init')
#10 /workspaces/Practice_Exam/.wordpress/wp-config.php(107): require_once('/workspaces/Pra...')
#11 /workspaces/Practice_Exam/.wordpress/wp-load.php(50): require_once('/workspaces/Pra...')
#12 /workspaces/Practice_Exam/.wordpress/wp-admin/admin-ajax.php(22): require_once('/workspaces/Pra...')
#13 {main}</pre>
 for query SELECT session_value FROM `wp_user_registration_sessions` WHERE session_key = '1' made by require_once('wp-load.php'), require_once('wp-config.php'), require_once('wp-settings.php'), do_action('init'), WP_Hook->do_action, WP_Hook->apply_filters, UserRegistration->init, UR_Session_Handler->__construct, UR_Session_Handler->get_session_data, UR_Session_Handler->get_session, WP_SQLite_DB->query, WP_SQLite_DB->print_error
[16-Apr-2025 18:49:10 UTC] WordPress database error <div style="clear:both">&nbsp;</div>
<div class="queries" style="clear:both;margin-bottom:2px;border:red dotted thin;">
<p>MySQL query:</p>
<p>SELECT session_value FROM `wp_user_registration_sessions` WHERE session_key = '1'</p>
<p>Queries made or created this session were:</p>
<ol>
<li>Executing: BEGIN | (no parameters)</li>
<li>Executing: SELECT session_value FROM `wp_user_registration_sessions` WHERE session_key = :param0  | parameters: 1</li>
<li>Executing: ROLLBACK | (no parameters)</li>
</ol>
</div>
<div style="clear:both;margin-bottom:2px;border:red dotted thin;" class="error_message" style="border-bottom:dotted blue thin;">
Error occurred at line 4117 in Function <code>handle_error</code>. Error message was: SQLSTATE[HY000]: General error: 1 no such table: wp_user_registration_sessions.
</div>
<p>Backtrace:</p>
<pre>#0 /workspaces/Practice_Exam/.wordpress/wp-content/mu-plugins/sqlite-database-integration/wp-includes/sqlite/class-wp-sqlite-db.php(287): WP_SQLite_Translator->get_error_message()
#1 /workspaces/Practice_Exam/.wordpress/wp-includes/class-wpdb.php(3031): WP_SQLite_DB->query('SELECT session_...')
#2 /workspaces/Practice_Exam/.wordpress/wp-content/plugins/user-registration/includes/class-ur-session-handler.php(335): wpdb->get_var('SELECT session_...')
#3 /workspaces/Practice_Exam/.wordpress/wp-content/plugins/user-registration/includes/class-ur-session-handler.php(210): UR_Session_Handler->get_session(1, Array)
#4 /workspaces/Practice_Exam/.wordpress/wp-content/plugins/user-registration/includes/class-ur-session-handler.php(94): UR_Session_Handler->get_session_data()
#5 /workspaces/Practice_Exam/.wordpress/wp-content/plugins/user-registration/user-registration.php(369): UR_Session_Handler->__construct()
#6 /workspaces/Practice_Exam/.wordpress/wp-includes/class-wp-hook.php(324): UserRegistration->init('')
#7 /workspaces/Practice_Exam/.wordpress/wp-includes/class-wp-hook.php(348): WP_Hook->apply_filters(NULL, Array)
#8 /workspaces/Practice_Exam/.wordpress/wp-includes/plugin.php(517): WP_Hook->do_action(Array)
#9 /workspaces/Practice_Exam/.wordpress/wp-settings.php(727): do_action('init')
#10 /workspaces/Practice_Exam/.wordpress/wp-config.php(107): require_once('/workspaces/Pra...')
#11 /workspaces/Practice_Exam/.wordpress/wp-load.php(50): require_once('/workspaces/Pra...')
#12 /workspaces/Practice_Exam/.wordpress/wp-admin/admin-ajax.php(22): require_once('/workspaces/Pra...')
#13 {main}</pre>
 for query SELECT session_value FROM `wp_user_registration_sessions` WHERE session_key = '1' made by require_once('wp-load.php'), require_once('wp-config.php'), require_once('wp-settings.php'), do_action('init'), WP_Hook->do_action, WP_Hook->apply_filters, UserRegistration->init, UR_Session_Handler->__construct, UR_Session_Handler->get_session_data, UR_Session_Handler->get_session, WP_SQLite_DB->query, WP_SQLite_DB->print_error
[16-Apr-2025 18:49:17 UTC] WordPress database error <div style="clear:both">&nbsp;</div>
<div class="queries" style="clear:both;margin-bottom:2px;border:red dotted thin;">
<p>MySQL query:</p>
<p>SELECT session_value FROM `wp_user_registration_sessions` WHERE session_key = '1'</p>
<p>Queries made or created this session were:</p>
<ol>
<li>Executing: BEGIN | (no parameters)</li>
<li>Executing: SELECT session_value FROM `wp_user_registration_sessions` WHERE session_key = :param0  | parameters: 1</li>
<li>Executing: ROLLBACK | (no parameters)</li>
</ol>
</div>
<div style="clear:both;margin-bottom:2px;border:red dotted thin;" class="error_message" style="border-bottom:dotted blue thin;">
Error occurred at line 4117 in Function <code>handle_error</code>. Error message was: SQLSTATE[HY000]: General error: 1 no such table: wp_user_registration_sessions.
</div>
<p>Backtrace:</p>
<pre>#0 /workspaces/Practice_Exam/.wordpress/wp-content/mu-plugins/sqlite-database-integration/wp-includes/sqlite/class-wp-sqlite-db.php(287): WP_SQLite_Translator->get_error_message()
#1 /workspaces/Practice_Exam/.wordpress/wp-includes/class-wpdb.php(3031): WP_SQLite_DB->query('SELECT session_...')
#2 /workspaces/Practice_Exam/.wordpress/wp-content/plugins/user-registration/includes/class-ur-session-handler.php(335): wpdb->get_var('SELECT session_...')
#3 /workspaces/Practice_Exam/.wordpress/wp-content/plugins/user-registration/includes/class-ur-session-handler.php(210): UR_Session_Handler->get_session(1, Array)
#4 /workspaces/Practice_Exam/.wordpress/wp-content/plugins/user-registration/includes/class-ur-session-handler.php(94): UR_Session_Handler->get_session_data()
#5 /workspaces/Practice_Exam/.wordpress/wp-content/plugins/user-registration/user-registration.php(369): UR_Session_Handler->__construct()
#6 /workspaces/Practice_Exam/.wordpress/wp-includes/class-wp-hook.php(324): UserRegistration->init('')
#7 /workspaces/Practice_Exam/.wordpress/wp-includes/class-wp-hook.php(348): WP_Hook->apply_filters(NULL, Array)
#8 /workspaces/Practice_Exam/.wordpress/wp-includes/plugin.php(517): WP_Hook->do_action(Array)
#9 /workspaces/Practice_Exam/.wordpress/wp-settings.php(727): do_action('init')
#10 /workspaces/Practice_Exam/.wordpress/wp-config.php(107): require_once('/workspaces/Pra...')
#11 /workspaces/Practice_Exam/.wordpress/wp-load.php(50): require_once('/workspaces/Pra...')
#12 /workspaces/Practice_Exam/.wordpress/wp-admin/admin-ajax.php(22): require_once('/workspaces/Pra...')
#13 {main}</pre>
 for query SELECT session_value FROM `wp_user_registration_sessions` WHERE session_key = '1' made by require_once('wp-load.php'), require_once('wp-config.php'), require_once('wp-settings.php'), do_action('init'), WP_Hook->do_action, WP_Hook->apply_filters, UserRegistration->init, UR_Session_Handler->__construct, UR_Session_Handler->get_session_data, UR_Session_Handler->get_session, WP_SQLite_DB->query, WP_SQLite_DB->print_error
[16-Apr-2025 18:49:43 UTC] WordPress database error <div style="clear:both">&nbsp;</div>
<div class="queries" style="clear:both;margin-bottom:2px;border:red dotted thin;">
<p>MySQL query:</p>
<p>SELECT session_value FROM `wp_user_registration_sessions` WHERE session_key = '1'</p>
<p>Queries made or created this session were:</p>
<ol>
<li>Executing: BEGIN | (no parameters)</li>
<li>Executing: SELECT session_value FROM `wp_user_registration_sessions` WHERE session_key = :param0  | parameters: 1</li>
<li>Executing: ROLLBACK | (no parameters)</li>
</ol>
</div>
<div style="clear:both;margin-bottom:2px;border:red dotted thin;" class="error_message" style="border-bottom:dotted blue thin;">
Error occurred at line 4117 in Function <code>handle_error</code>. Error message was: SQLSTATE[HY000]: General error: 1 no such table: wp_user_registration_sessions.
</div>
<p>Backtrace:</p>
<pre>#0 /workspaces/Practice_Exam/.wordpress/wp-content/mu-plugins/sqlite-database-integration/wp-includes/sqlite/class-wp-sqlite-db.php(287): WP_SQLite_Translator->get_error_message()
#1 /workspaces/Practice_Exam/.wordpress/wp-includes/class-wpdb.php(3031): WP_SQLite_DB->query('SELECT session_...')
#2 /workspaces/Practice_Exam/.wordpress/wp-content/plugins/user-registration/includes/class-ur-session-handler.php(335): wpdb->get_var('SELECT session_...')
#3 /workspaces/Practice_Exam/.wordpress/wp-content/plugins/user-registration/includes/class-ur-session-handler.php(210): UR_Session_Handler->get_session(1, Array)
#4 /workspaces/Practice_Exam/.wordpress/wp-content/plugins/user-registration/includes/class-ur-session-handler.php(94): UR_Session_Handler->get_session_data()
#5 /workspaces/Practice_Exam/.wordpress/wp-content/plugins/user-registration/user-registration.php(369): UR_Session_Handler->__construct()
#6 /workspaces/Practice_Exam/.wordpress/wp-includes/class-wp-hook.php(324): UserRegistration->init('')
#7 /workspaces/Practice_Exam/.wordpress/wp-includes/class-wp-hook.php(348): WP_Hook->apply_filters(NULL, Array)
#8 /workspaces/Practice_Exam/.wordpress/wp-includes/plugin.php(517): WP_Hook->do_action(Array)
#9 /workspaces/Practice_Exam/.wordpress/wp-settings.php(727): do_action('init')
#10 /workspaces/Practice_Exam/.wordpress/wp-config.php(107): require_once('/workspaces/Pra...')
#11 /workspaces/Practice_Exam/.wordpress/wp-load.php(50): require_once('/workspaces/Pra...')
#12 /workspaces/Practice_Exam/.wordpress/wp-admin/admin-ajax.php(22): require_once('/workspaces/Pra...')
#13 {main}</pre>
 for query SELECT session_value FROM `wp_user_registration_sessions` WHERE session_key = '1' made by require_once('wp-load.php'), require_once('wp-config.php'), require_once('wp-settings.php'), do_action('init'), WP_Hook->do_action, WP_Hook->apply_filters, UserRegistration->init, UR_Session_Handler->__construct, UR_Session_Handler->get_session_data, UR_Session_Handler->get_session, WP_SQLite_DB->query, WP_SQLite_DB->print_error
[16-Apr-2025 18:49:52 UTC] WordPress database error <div style="clear:both">&nbsp;</div>
<div class="queries" style="clear:both;margin-bottom:2px;border:red dotted thin;">
<p>MySQL query:</p>
<p>SELECT session_value FROM `wp_user_registration_sessions` WHERE session_key = '1'</p>
<p>Queries made or created this session were:</p>
<ol>
<li>Executing: BEGIN | (no parameters)</li>
<li>Executing: SELECT session_value FROM `wp_user_registration_sessions` WHERE session_key = :param0  | parameters: 1</li>
<li>Executing: ROLLBACK | (no parameters)</li>
</ol>
</div>
<div style="clear:both;margin-bottom:2px;border:red dotted thin;" class="error_message" style="border-bottom:dotted blue thin;">
Error occurred at line 4117 in Function <code>handle_error</code>. Error message was: SQLSTATE[HY000]: General error: 1 no such table: wp_user_registration_sessions.
</div>
<p>Backtrace:</p>
<pre>#0 /workspaces/Practice_Exam/.wordpress/wp-content/mu-plugins/sqlite-database-integration/wp-includes/sqlite/class-wp-sqlite-db.php(287): WP_SQLite_Translator->get_error_message()
#1 /workspaces/Practice_Exam/.wordpress/wp-includes/class-wpdb.php(3031): WP_SQLite_DB->query('SELECT session_...')
#2 /workspaces/Practice_Exam/.wordpress/wp-content/plugins/user-registration/includes/class-ur-session-handler.php(335): wpdb->get_var('SELECT session_...')
#3 /workspaces/Practice_Exam/.wordpress/wp-content/plugins/user-registration/includes/class-ur-session-handler.php(210): UR_Session_Handler->get_session(1, Array)
#4 /workspaces/Practice_Exam/.wordpress/wp-content/plugins/user-registration/includes/class-ur-session-handler.php(94): UR_Session_Handler->get_session_data()
#5 /workspaces/Practice_Exam/.wordpress/wp-content/plugins/user-registration/user-registration.php(369): UR_Session_Handler->__construct()
#6 /workspaces/Practice_Exam/.wordpress/wp-includes/class-wp-hook.php(324): UserRegistration->init('')
#7 /workspaces/Practice_Exam/.wordpress/wp-includes/class-wp-hook.php(348): WP_Hook->apply_filters(NULL, Array)
#8 /workspaces/Practice_Exam/.wordpress/wp-includes/plugin.php(517): WP_Hook->do_action(Array)
#9 /workspaces/Practice_Exam/.wordpress/wp-settings.php(727): do_action('init')
#10 /workspaces/Practice_Exam/.wordpress/wp-config.php(107): require_once('/workspaces/Pra...')
#11 /workspaces/Practice_Exam/.wordpress/wp-load.php(50): require_once('/workspaces/Pra...')
#12 /workspaces/Practice_Exam/.wordpress/wp-admin/admin-ajax.php(22): require_once('/workspaces/Pra...')
#13 {main}</pre>
 for query SELECT session_value FROM `wp_user_registration_sessions` WHERE session_key = '1' made by require_once('wp-load.php'), require_once('wp-config.php'), require_once('wp-settings.php'), do_action('init'), WP_Hook->do_action, WP_Hook->apply_filters, UserRegistration->init, UR_Session_Handler->__construct, UR_Session_Handler->get_session_data, UR_Session_Handler->get_session, WP_SQLite_DB->query, WP_SQLite_DB->print_error
[16-Apr-2025 18:50:10 UTC] WordPress database error <div style="clear:both">&nbsp;</div>
<div class="queries" style="clear:both;margin-bottom:2px;border:red dotted thin;">
<p>MySQL query:</p>
<p>SELECT session_value FROM `wp_user_registration_sessions` WHERE session_key = '1'</p>
<p>Queries made or created this session were:</p>
<ol>
<li>Executing: BEGIN | (no parameters)</li>
<li>Executing: SELECT session_value FROM `wp_user_registration_sessions` WHERE session_key = :param0  | parameters: 1</li>
<li>Executing: ROLLBACK | (no parameters)</li>
</ol>
</div>
<div style="clear:both;margin-bottom:2px;border:red dotted thin;" class="error_message" style="border-bottom:dotted blue thin;">
Error occurred at line 4117 in Function <code>handle_error</code>. Error message was: SQLSTATE[HY000]: General error: 1 no such table: wp_user_registration_sessions.
</div>
<p>Backtrace:</p>
<pre>#0 /workspaces/Practice_Exam/.wordpress/wp-content/mu-plugins/sqlite-database-integration/wp-includes/sqlite/class-wp-sqlite-db.php(287): WP_SQLite_Translator->get_error_message()
#1 /workspaces/Practice_Exam/.wordpress/wp-includes/class-wpdb.php(3031): WP_SQLite_DB->query('SELECT session_...')
#2 /workspaces/Practice_Exam/.wordpress/wp-content/plugins/user-registration/includes/class-ur-session-handler.php(335): wpdb->get_var('SELECT session_...')
#3 /workspaces/Practice_Exam/.wordpress/wp-content/plugins/user-registration/includes/class-ur-session-handler.php(210): UR_Session_Handler->get_session(1, Array)
#4 /workspaces/Practice_Exam/.wordpress/wp-content/plugins/user-registration/includes/class-ur-session-handler.php(94): UR_Session_Handler->get_session_data()
#5 /workspaces/Practice_Exam/.wordpress/wp-content/plugins/user-registration/user-registration.php(369): UR_Session_Handler->__construct()
#6 /workspaces/Practice_Exam/.wordpress/wp-includes/class-wp-hook.php(324): UserRegistration->init('')
#7 /workspaces/Practice_Exam/.wordpress/wp-includes/class-wp-hook.php(348): WP_Hook->apply_filters(NULL, Array)
#8 /workspaces/Practice_Exam/.wordpress/wp-includes/plugin.php(517): WP_Hook->do_action(Array)
#9 /workspaces/Practice_Exam/.wordpress/wp-settings.php(727): do_action('init')
#10 /workspaces/Practice_Exam/.wordpress/wp-config.php(107): require_once('/workspaces/Pra...')
#11 /workspaces/Practice_Exam/.wordpress/wp-load.php(50): require_once('/workspaces/Pra...')
#12 /workspaces/Practice_Exam/.wordpress/wp-admin/admin-ajax.php(22): require_once('/workspaces/Pra...')
#13 {main}</pre>
 for query SELECT session_value FROM `wp_user_registration_sessions` WHERE session_key = '1' made by require_once('wp-load.php'), require_once('wp-config.php'), require_once('wp-settings.php'), do_action('init'), WP_Hook->do_action, WP_Hook->apply_filters, UserRegistration->init, UR_Session_Handler->__construct, UR_Session_Handler->get_session_data, UR_Session_Handler->get_session, WP_SQLite_DB->query, WP_SQLite_DB->print_error
[16-Apr-2025 18:51:05 UTC] WordPress database error <div style="clear:both">&nbsp;</div>
<div class="queries" style="clear:both;margin-bottom:2px;border:red dotted thin;">
<p>MySQL query:</p>
<p>SELECT session_value FROM `wp_user_registration_sessions` WHERE session_key = '1'</p>
<p>Queries made or created this session were:</p>
<ol>
<li>Executing: BEGIN | (no parameters)</li>
<li>Executing: SELECT session_value FROM `wp_user_registration_sessions` WHERE session_key = :param0  | parameters: 1</li>
<li>Executing: ROLLBACK | (no parameters)</li>
</ol>
</div>
<div style="clear:both;margin-bottom:2px;border:red dotted thin;" class="error_message" style="border-bottom:dotted blue thin;">
Error occurred at line 4117 in Function <code>handle_error</code>. Error message was: SQLSTATE[HY000]: General error: 1 no such table: wp_user_registration_sessions.
</div>
<p>Backtrace:</p>
<pre>#0 /workspaces/Practice_Exam/.wordpress/wp-content/mu-plugins/sqlite-database-integration/wp-includes/sqlite/class-wp-sqlite-db.php(287): WP_SQLite_Translator->get_error_message()
#1 /workspaces/Practice_Exam/.wordpress/wp-includes/class-wpdb.php(3031): WP_SQLite_DB->query('SELECT session_...')
#2 /workspaces/Practice_Exam/.wordpress/wp-content/plugins/user-registration/includes/class-ur-session-handler.php(335): wpdb->get_var('SELECT session_...')
#3 /workspaces/Practice_Exam/.wordpress/wp-content/plugins/user-registration/includes/class-ur-session-handler.php(210): UR_Session_Handler->get_session(1, Array)
#4 /workspaces/Practice_Exam/.wordpress/wp-content/plugins/user-registration/includes/class-ur-session-handler.php(94): UR_Session_Handler->get_session_data()
#5 /workspaces/Practice_Exam/.wordpress/wp-content/plugins/user-registration/user-registration.php(369): UR_Session_Handler->__construct()
#6 /workspaces/Practice_Exam/.wordpress/wp-includes/class-wp-hook.php(324): UserRegistration->init('')
#7 /workspaces/Practice_Exam/.wordpress/wp-includes/class-wp-hook.php(348): WP_Hook->apply_filters(NULL, Array)
#8 /workspaces/Practice_Exam/.wordpress/wp-includes/plugin.php(517): WP_Hook->do_action(Array)
#9 /workspaces/Practice_Exam/.wordpress/wp-settings.php(727): do_action('init')
#10 /workspaces/Practice_Exam/.wordpress/wp-config.php(107): require_once('/workspaces/Pra...')
#11 /workspaces/Practice_Exam/.wordpress/wp-load.php(50): require_once('/workspaces/Pra...')
#12 /workspaces/Practice_Exam/.wordpress/wp-admin/admin-ajax.php(22): require_once('/workspaces/Pra...')
#13 {main}</pre>
 for query SELECT session_value FROM `wp_user_registration_sessions` WHERE session_key = '1' made by require_once('wp-load.php'), require_once('wp-config.php'), require_once('wp-settings.php'), do_action('init'), WP_Hook->do_action, WP_Hook->apply_filters, UserRegistration->init, UR_Session_Handler->__construct, UR_Session_Handler->get_session_data, UR_Session_Handler->get_session, WP_SQLite_DB->query, WP_SQLite_DB->print_error
[16-Apr-2025 18:51:10 UTC] WordPress database error <div style="clear:both">&nbsp;</div>
<div class="queries" style="clear:both;margin-bottom:2px;border:red dotted thin;">
<p>MySQL query:</p>
<p>SELECT session_value FROM `wp_user_registration_sessions` WHERE session_key = '1'</p>
<p>Queries made or created this session were:</p>
<ol>
<li>Executing: BEGIN | (no parameters)</li>
<li>Executing: SELECT session_value FROM `wp_user_registration_sessions` WHERE session_key = :param0  | parameters: 1</li>
<li>Executing: ROLLBACK | (no parameters)</li>
</ol>
</div>
<div style="clear:both;margin-bottom:2px;border:red dotted thin;" class="error_message" style="border-bottom:dotted blue thin;">
Error occurred at line 4117 in Function <code>handle_error</code>. Error message was: SQLSTATE[HY000]: General error: 1 no such table: wp_user_registration_sessions.
</div>
<p>Backtrace:</p>
<pre>#0 /workspaces/Practice_Exam/.wordpress/wp-content/mu-plugins/sqlite-database-integration/wp-includes/sqlite/class-wp-sqlite-db.php(287): WP_SQLite_Translator->get_error_message()
#1 /workspaces/Practice_Exam/.wordpress/wp-includes/class-wpdb.php(3031): WP_SQLite_DB->query('SELECT session_...')
#2 /workspaces/Practice_Exam/.wordpress/wp-content/plugins/user-registration/includes/class-ur-session-handler.php(335): wpdb->get_var('SELECT session_...')
#3 /workspaces/Practice_Exam/.wordpress/wp-content/plugins/user-registration/includes/class-ur-session-handler.php(210): UR_Session_Handler->get_session(1, Array)
#4 /workspaces/Practice_Exam/.wordpress/wp-content/plugins/user-registration/includes/class-ur-session-handler.php(94): UR_Session_Handler->get_session_data()
#5 /workspaces/Practice_Exam/.wordpress/wp-content/plugins/user-registration/user-registration.php(369): UR_Session_Handler->__construct()
#6 /workspaces/Practice_Exam/.wordpress/wp-includes/class-wp-hook.php(324): UserRegistration->init('')
#7 /workspaces/Practice_Exam/.wordpress/wp-includes/class-wp-hook.php(348): WP_Hook->apply_filters(NULL, Array)
#8 /workspaces/Practice_Exam/.wordpress/wp-includes/plugin.php(517): WP_Hook->do_action(Array)
#9 /workspaces/Practice_Exam/.wordpress/wp-settings.php(727): do_action('init')
#10 /workspaces/Practice_Exam/.wordpress/wp-config.php(107): require_once('/workspaces/Pra...')
#11 /workspaces/Practice_Exam/.wordpress/wp-load.php(50): require_once('/workspaces/Pra...')
#12 /workspaces/Practice_Exam/.wordpress/wp-admin/admin-ajax.php(22): require_once('/workspaces/Pra...')
#13 {main}</pre>
 for query SELECT session_value FROM `wp_user_registration_sessions` WHERE session_key = '1' made by require_once('wp-load.php'), require_once('wp-config.php'), require_once('wp-settings.php'), do_action('init'), WP_Hook->do_action, WP_Hook->apply_filters, UserRegistration->init, UR_Session_Handler->__construct, UR_Session_Handler->get_session_data, UR_Session_Handler->get_session, WP_SQLite_DB->query, WP_SQLite_DB->print_error
[16-Apr-2025 18:51:11 UTC] WordPress database error <div style="clear:both">&nbsp;</div>
<div class="queries" style="clear:both;margin-bottom:2px;border:red dotted thin;">
<p>MySQL query:</p>
<p>SELECT session_value FROM `wp_user_registration_sessions` WHERE session_key = '1'</p>
<p>Queries made or created this session were:</p>
<ol>
<li>Executing: BEGIN | (no parameters)</li>
<li>Executing: SELECT session_value FROM `wp_user_registration_sessions` WHERE session_key = :param0  | parameters: 1</li>
<li>Executing: ROLLBACK | (no parameters)</li>
</ol>
</div>
<div style="clear:both;margin-bottom:2px;border:red dotted thin;" class="error_message" style="border-bottom:dotted blue thin;">
Error occurred at line 4117 in Function <code>handle_error</code>. Error message was: SQLSTATE[HY000]: General error: 1 no such table: wp_user_registration_sessions.
</div>
<p>Backtrace:</p>
<pre>#0 /workspaces/Practice_Exam/.wordpress/wp-content/mu-plugins/sqlite-database-integration/wp-includes/sqlite/class-wp-sqlite-db.php(287): WP_SQLite_Translator->get_error_message()
#1 /workspaces/Practice_Exam/.wordpress/wp-includes/class-wpdb.php(3031): WP_SQLite_DB->query('SELECT session_...')
#2 /workspaces/Practice_Exam/.wordpress/wp-content/plugins/user-registration/includes/class-ur-session-handler.php(335): wpdb->get_var('SELECT session_...')
#3 /workspaces/Practice_Exam/.wordpress/wp-content/plugins/user-registration/includes/class-ur-session-handler.php(210): UR_Session_Handler->get_session(1, Array)
#4 /workspaces/Practice_Exam/.wordpress/wp-content/plugins/user-registration/includes/class-ur-session-handler.php(94): UR_Session_Handler->get_session_data()
#5 /workspaces/Practice_Exam/.wordpress/wp-content/plugins/user-registration/user-registration.php(369): UR_Session_Handler->__construct()
#6 /workspaces/Practice_Exam/.wordpress/wp-includes/class-wp-hook.php(324): UserRegistration->init('')
#7 /workspaces/Practice_Exam/.wordpress/wp-includes/class-wp-hook.php(348): WP_Hook->apply_filters(NULL, Array)
#8 /workspaces/Practice_Exam/.wordpress/wp-includes/plugin.php(517): WP_Hook->do_action(Array)
#9 /workspaces/Practice_Exam/.wordpress/wp-settings.php(727): do_action('init')
#10 /workspaces/Practice_Exam/.wordpress/wp-config.php(107): require_once('/workspaces/Pra...')
#11 /workspaces/Practice_Exam/.wordpress/wp-load.php(50): require_once('/workspaces/Pra...')
#12 /workspaces/Practice_Exam/.wordpress/wp-admin/admin.php(35): require_once('/workspaces/Pra...')
#13 /workspaces/Practice_Exam/.wordpress/wp-admin/plugins.php(10): require_once('/workspaces/Pra...')
#14 {main}</pre>
 for query SELECT session_value FROM `wp_user_registration_sessions` WHERE session_key = '1' made by require_once('wp-admin/admin.php'), require_once('wp-load.php'), require_once('wp-config.php'), require_once('wp-settings.php'), do_action('init'), WP_Hook->do_action, WP_Hook->apply_filters, UserRegistration->init, UR_Session_Handler->__construct, UR_Session_Handler->get_session_data, UR_Session_Handler->get_session, WP_SQLite_DB->query, WP_SQLite_DB->print_error
